IMLib/build/outputs/logs/manifest-merger-debug-report.txt
-- Merging decision tree log ---
manifest
ADDED from MyMeet\IMLib\AndroidManifest.xml:1:1-59:12
INJECTED from MyMeet\IMLib\AndroidManifest.xml:1:1-59:12
INJECTED from MyMeet\IMLib\AndroidManifest.xml:1:1-59:12
INJECTED from MyMeet\IMLib\AndroidManifest.xml:1:1-59:12
INJECTED from MyMeet\IMLib\AndroidManifest.xml:1:1-59:12
INJECTED from MyMeet\IMLib\AndroidManifest.xml:1:1-59:12
INJECTED from MyMeet\IMLib\AndroidManifest.xml:1:1-59:12
	package
		ADDED from MyMeet\IMLib\AndroidManifest.xml:2:5-28
		INJECTED from MyMeet\IMLib\AndroidManifest.xml
		INJECTED from MyMeet\IMLib\AndroidManifest.xml
	android:versionName
		INJECTED from MyMeet\IMLib\AndroidManifest.xml
		ADDED from MyMeet\IMLib\AndroidManifest.xml:1:1-59:12
		INJECTED from MyMeet\IMLib\AndroidManifest.xml
	android:versionCode
		INJECTED from MyMeet\IMLib\AndroidManifest.xml
		ADDED from MyMeet\IMLib\AndroidManifest.xml:1:1-59:12
		INJECTED from MyMeet\IMLib\AndroidManifest.xml
	xmlns:android
		ADDED from MyMeet\IMLib\AndroidManifest.xml:1:11-69
uses-permission#android.permission.WRITE_EXTERNAL_STORAGE
ADDED from MyMeet\IMLib\AndroidManifest.xml:5:5-81
	android:name
		ADDED from MyMeet\IMLib\AndroidManifest.xml:5:22-78
uses-permission#android.permission.INTERNET
ADDED from MyMeet\IMLib\AndroidManifest.xml:7:5-67
	android:name
		ADDED from MyMeet\IMLib\AndroidManifest.xml:7:22-64
uses-permission#android.permission.ACCESS_NETWORK_STATE
ADDED from MyMeet\IMLib\AndroidManifest.xml:8:5-79
	android:name
		ADDED from MyMeet\IMLib\AndroidManifest.xml:8:22-76
uses-permission#android.permission.ACCESS_WIFI_STATE
ADDED from MyMeet\IMLib\AndroidManifest.xml:9:5-76
	android:name
		ADDED from MyMeet\IMLib\AndroidManifest.xml:9:22-73
uses-permission#android.permission.WAKE_LOCK
ADDED from MyMeet\IMLib\AndroidManifest.xml:11:5-68
	android:name
		ADDED from MyMeet\IMLib\AndroidManifest.xml:11:22-65
application
ADDED from MyMeet\IMLib\AndroidManifest.xml:15:5-57:19
service#io.rong.imlib.ipc.RongService
ADDED from MyMeet\IMLib\AndroidManifest.xml:18:9-20:38
	android:process
		ADDED from MyMeet\IMLib\AndroidManifest.xml:20:13-35
	android:name
		ADDED from MyMeet\IMLib\AndroidManifest.xml:19:13-57
receiver#io.rong.imlib.ConnectChangeReceiver
ADDED from MyMeet\IMLib\AndroidManifest.xml:22:9-72
	android:name
		ADDED from MyMeet\IMLib\AndroidManifest.xml:22:19-69
receiver#io.rong.imlib.HeartbeatReceiver
ADDED from MyMeet\IMLib\AndroidManifest.xml:24:9-26:38
	android:process
		ADDED from MyMeet\IMLib\AndroidManifest.xml:26:13-35
	android:name
		ADDED from MyMeet\IMLib\AndroidManifest.xml:25:13-59
service#io.rong.push.rongpush.PushService
ADDED from MyMeet\IMLib\AndroidManifest.xml:30:9-34:46
	android:process
		ADDED from MyMeet\IMLib\AndroidManifest.xml:34:13-43
	android:exported
		ADDED from MyMeet\IMLib\AndroidManifest.xml:32:13-36
	android:permission
		ADDED from MyMeet\IMLib\AndroidManifest.xml:33:13-69
	android:name
		ADDED from MyMeet\IMLib\AndroidManifest.xml:31:13-61
receiver#io.rong.push.rongpush.PushReceiver
ADDED from MyMeet\IMLib\AndroidManifest.xml:37:9-52:20
	android:process
		ADDED from MyMeet\IMLib\AndroidManifest.xml:39:13-43
	android:name
		ADDED from MyMeet\IMLib\AndroidManifest.xml:38:13-62
intent-filter#action:name:android.net.conn.CONNECTIVITY_CHANGE+action:name:io.rong.push.intent.action.HEART_BEAT
ADDED from MyMeet\IMLib\AndroidManifest.xml:41:13-44:29
action#io.rong.push.intent.action.HEART_BEAT
ADDED from MyMeet\IMLib\AndroidManifest.xml:42:17-80
	android:name
		ADDED from MyMeet\IMLib\AndroidManifest.xml:42:25-77
action#android.net.conn.CONNECTIVITY_CHANGE
ADDED from MyMeet\IMLib\AndroidManifest.xml:43:17-79
	android:name
		ADDED from MyMeet\IMLib\AndroidManifest.xml:43:25-76
intent-filter#action:name:android.intent.action.ACTION_POWER_CONNECTED+action:name:android.intent.action.ACTION_POWER_DISCONNECTED+action:name:android.intent.action.USER_PRESENT
ADDED from MyMeet\IMLib\AndroidManifest.xml:47:13-51:29
action#android.intent.action.USER_PRESENT
ADDED from MyMeet\IMLib\AndroidManifest.xml:48:17-77
	android:name
		ADDED from MyMeet\IMLib\AndroidManifest.xml:48:25-74
action#android.intent.action.ACTION_POWER_CONNECTED
ADDED from MyMeet\IMLib\AndroidManifest.xml:49:17-87
	android:name
		ADDED from MyMeet\IMLib\AndroidManifest.xml:49:25-84
action#android.intent.action.ACTION_POWER_DISCONNECTED
ADDED from MyMeet\IMLib\AndroidManifest.xml:50:17-90
	android:name
		ADDED from MyMeet\IMLib\AndroidManifest.xml:50:25-87
uses-sdk
INJECTED from MyMeet\IMLib\AndroidManifest.xml reason: use-sdk injection requested
INJECTED from MyMeet\IMLib\AndroidManifest.xml
INJECTED from MyMeet\IMLib\AndroidManifest.xml
INJECTED from MyMeet\IMLib\AndroidManifest.xml
INJECTED from MyMeet\IMLib\AndroidManifest.xml
	android:targetSdkVersion
		INJECTED from MyMeet\IMLib\AndroidManifest.xml
		ADDED from MyMeet\IMLib\AndroidManifest.xml
		INJECTED from MyMeet\IMLib\AndroidManifest.xml
	android:minSdkVersion
		INJECTED from MyMeet\IMLib\AndroidManifest.xml
		ADDED from MyMeet\IMLib\AndroidManifest.xml
		INJECTED from MyMeet\IMLib\AndroidManifest.xml